<?xml version="1.0" encoding="UTF-8"?>
<testng-results skipped="0" failed="0" ignored="0" total="1" passed="1">
  <reporter-output>
  </reporter-output>
  <suite name="Demo.Sample.NewTest" duration-ms="129" started-at="2020-05-04T04:16:02 IST" finished-at="2020-05-04T04:16:02 IST">
    <groups>
    </groups>
    <test name="Command line test" duration-ms="129" started-at="2020-05-04T04:16:02 IST" finished-at="2020-05-04T04:16:02 IST">
      <class name="Demo.Sample.NewTest">
        <test-method status="PASS" signature="beforeTest()[pri:0, instance:Demo.Sample.NewTest@3532ec19]" name="beforeTest" is-config="true" duration-ms="39" started-at="2020-05-04T04:16:02 IST" finished-at="2020-05-04T04:16:02 IST">
          <reporter-output>
          </reporter-output>
        </test-method> <!-- beforeTest -->
        <test-method status="PASS" signature="f()[pri:0, instance:Demo.Sample.NewTest@3532ec19]" name="f" duration-ms="2" started-at="2020-05-04T04:16:02 IST" finished-at="2020-05-04T04:16:02 IST">
          <reporter-output>
          </reporter-output>
        </test-method> <!-- f -->
        <test-method status="PASS" signature="afterTest()[pri:0, instance:Demo.Sample.NewTest@3532ec19]" name="afterTest" is-config="true" duration-ms="0" started-at="2020-05-04T04:16:02 IST" finished-at="2020-05-04T04:16:02 IST">
          <reporter-output>
          </reporter-output>
        </test-method> <!-- afterTest -->
      </class> <!-- Demo.Sample.NewTest -->
    </test> <!-- Command line test -->
  </suite> <!-- Demo.Sample.NewTest -->
</testng-results>
